[30-Mar-2014 22:54:50] PHP Warning:  fopen(installer/log.txt): failed to open stream: Permission denied in /var/www/orangehrm/installer/ApplicationSetupUtility.php on line 349
[30-Mar-2014 22:54:50] PHP Warning:  fwrite() expects parameter 1 to be resource, boolean given in /var/www/orangehrm/installer/ApplicationSetupUtility.php on line 350
[30-Mar-2014 22:54:50] PHP Warning:  fclose() expects parameter 1 to be resource, boolean given in /var/www/orangehrm/installer/ApplicationSetupUtility.php on line 351
[30-Mar-2014 22:54:50] PHP Warning:  error_log(installer/log.txt): failed to open stream: Permission denied in /var/www/orangehrm/installer/ApplicationSetupUtility.php on line 358
[30-Mar-2014 22:54:51] PHP Warning:  error_log(installer/log.txt): failed to open stream: Permission denied in /var/www/orangehrm/installer/ApplicationSetupUtility.php on line 360
[30-Mar-2014 22:54:51] PHP Warning:  error_log(installer/log.txt): failed to open stream: Permission denied in /var/www/orangehrm/installer/ApplicationSetupUtility.php on line 363
[30-Mar-2014 22:54:53] PHP Warning:  error_log(installer/log.txt): failed to open stream: Permission denied in /var/www/orangehrm/installer/ApplicationSetupUtility.php on line 371
[30-Mar-2014 22:54:53] PHP Warning:  error_log(installer/log.txt): failed to open stream: Permission denied in /var/www/orangehrm/installer/ApplicationSetupUtility.php on line 121
[30-Mar-2014 22:54:53] PHP Warning:  error_log(installer/log.txt): failed to open stream: Permission denied in /var/www/orangehrm/installer/ApplicationSetupUtility.php on line 129
[30-Mar-2014 22:54:53] PHP Warning:  error_log(installer/log.txt): failed to open stream: Permission denied in /var/www/orangehrm/installer/ApplicationSetupUtility.php on line 130
[30-Mar-2014 22:54:53] PHP Warning:  error_log(installer/log.txt): failed to open stream: Permission denied in /var/www/orangehrm/installer/ApplicationSetupUtility.php on line 135
[30-Mar-2014 22:54:53] PHP Warning:  error_log(installer/log.txt): failed to open stream: Permission denied in /var/www/orangehrm/installer/ApplicationSetupUtility.php on line 140
[30-Mar-2014 22:54:53] PHP Warning:  error_log(installer/log.txt): failed to open stream: Permission denied in /var/www/orangehrm/installer/ApplicationSetupUtility.php on line 145
[30-Mar-2014 22:54:55] PHP Warning:  error_log(installer/log.txt): failed to open stream: Permission denied in /var/www/orangehrm/installer/ApplicationSetupUtility.php on line 373
[30-Mar-2014 22:54:55] PHP Warning:  error_log(installer/log.txt): failed to open stream: Permission denied in /var/www/orangehrm/installer/ApplicationSetupUtility.php on line 376
[30-Mar-2014 22:54:57] PHP Warning:  error_log(installer/log.txt): failed to open stream: Permission denied in /var/www/orangehrm/installer/ApplicationSetupUtility.php on line 383
[30-Mar-2014 22:54:57] PHP Warning:  error_log(installer/log.txt): failed to open stream: Permission denied in /var/www/orangehrm/installer/ApplicationSetupUtility.php on line 121
[30-Mar-2014 22:54:57] PHP Warning:  error_log(installer/log.txt): failed to open stream: Permission denied in /var/www/orangehrm/installer/ApplicationSetupUtility.php on line 129
[30-Mar-2014 22:54:57] PHP Warning:  error_log(installer/log.txt): failed to open stream: Permission denied in /var/www/orangehrm/installer/ApplicationSetupUtility.php on line 130
[30-Mar-2014 22:54:57] PHP Warning:  error_log(installer/log.txt): failed to open stream: Permission denied in /var/www/orangehrm/installer/ApplicationSetupUtility.php on line 135
[30-Mar-2014 22:54:57] PHP Warning:  error_log(installer/log.txt): failed to open stream: Permission denied in /var/www/orangehrm/installer/ApplicationSetupUtility.php on line 140
[30-Mar-2014 22:54:57] PHP Warning:  error_log(installer/log.txt): failed to open stream: Permission denied in /var/www/orangehrm/installer/ApplicationSetupUtility.php on line 145
[30-Mar-2014 22:54:57] PHP Warning:  error_log(installer/log.txt): failed to open stream: Permission denied in /var/www/orangehrm/installer/ApplicationSetupUtility.php on line 386
[30-Mar-2014 22:54:57] PHP Warning:  error_log(installer/log.txt): failed to open stream: Permission denied in /var/www/orangehrm/installer/ApplicationSetupUtility.php on line 391
[30-Mar-2014 22:54:59] PHP Warning:  error_log(installer/log.txt): failed to open stream: Permission denied in /var/www/orangehrm/installer/ApplicationSetupUtility.php on line 399
[30-Mar-2014 22:54:59] PHP Warning:  error_log(installer/log.txt): failed to open stream: Permission denied in /var/www/orangehrm/installer/ApplicationSetupUtility.php on line 401
[30-Mar-2014 22:54:59] PHP Warning:  error_log(installer/log.txt): failed to open stream: Permission denied in /var/www/orangehrm/installer/ApplicationSetupUtility.php on line 404
[30-Mar-2014 22:55:02] PHP Warning:  error_log(installer/log.txt): failed to open stream: Permission denied in /var/www/orangehrm/installer/ApplicationSetupUtility.php on line 411
[30-Mar-2014 22:55:02] PHP Warning:  error_log(installer/log.txt): failed to open stream: Permission denied in /var/www/orangehrm/installer/ApplicationSetupUtility.php on line 413
[30-Mar-2014 22:55:02] PHP Warning:  error_log(installer/log.txt): failed to open stream: Permission denied in /var/www/orangehrm/installer/ApplicationSetupUtility.php on line 416
[30-Mar-2014 22:55:04] PHP Warning:  error_log(installer/log.txt): failed to open stream: Permission denied in /var/www/orangehrm/installer/ApplicationSetupUtility.php on line 423
[30-Mar-2014 22:55:04] PHP Warning:  error_log(installer/log.txt): failed to open stream: Permission denied in /var/www/orangehrm/installer/ApplicationSetupUtility.php on line 426
[30-Mar-2014 22:55:04] PHP Warning:  error_log(installer/log.txt): failed to open stream: Permission denied in /var/www/orangehrm/installer/ApplicationSetupUtility.php on line 429
[30-Mar-2014 23:02:56] PHP Fatal error:  Undefined class constant 'MODE_CANDIDATES' in /var/www/orangehrm/symfony/plugins/orangehrmRecruitmentPlugin/modules/recruitment/actions/getHiringManagerListJsonAction.class.php on line 37
[30-Mar-2014 23:02:56] PHP Fatal error:  Undefined class constant 'MODE_CANDIDATES' in /var/www/orangehrm/symfony/plugins/orangehrmRecruitmentPlugin/modules/recruitment/actions/getHiringManagerListJsonAction.class.php on line 37
[30-Mar-2014 23:03:16] PHP Fatal error:  Undefined class constant 'MODE_CANDIDATES' in /var/www/orangehrm/symfony/plugins/orangehrmRecruitmentPlugin/modules/recruitment/actions/getHiringManagerListJsonAction.class.php on line 37
[30-Mar-2014 23:03:16] PHP Fatal error:  Undefined class constant 'MODE_CANDIDATES' in /var/www/orangehrm/symfony/plugins/orangehrmRecruitmentPlugin/modules/recruitment/actions/getHiringManagerListJsonAction.class.php on line 37
[30-Mar-2014 23:05:10] PHP Fatal error:  Undefined class constant 'MODE_CANDIDATES' in /var/www/orangehrm/symfony/plugins/orangehrmRecruitmentPlugin/modules/recruitment/actions/getHiringManagerListJsonAction.class.php on line 37
[30-Mar-2014 23:05:11] PHP Fatal error:  Undefined class constant 'MODE_CANDIDATES' in /var/www/orangehrm/symfony/plugins/orangehrmRecruitmentPlugin/modules/recruitment/actions/getHiringManagerListJsonAction.class.php on line 37
[30-Mar-2014 23:05:13] PHP Fatal error:  Undefined class constant 'MODE_CANDIDATES' in /var/www/orangehrm/symfony/plugins/orangehrmRecruitmentPlugin/modules/recruitment/actions/getHiringManagerListJsonAction.class.php on line 37
[30-Mar-2014 23:05:13] PHP Fatal error:  Undefined class constant 'MODE_CANDIDATES' in /var/www/orangehrm/symfony/plugins/orangehrmRecruitmentPlugin/modules/recruitment/actions/getHiringManagerListJsonAction.class.php on line 37
[30-Mar-2014 23:05:50] PHP Fatal error:  Undefined class constant 'MODE_CANDIDATES' in /var/www/orangehrm/symfony/plugins/orangehrmRecruitmentPlugin/modules/recruitment/actions/getHiringManagerListJsonAction.class.php on line 37
[30-Mar-2014 23:05:50] PHP Fatal error:  Undefined class constant 'MODE_CANDIDATES' in /var/www/orangehrm/symfony/plugins/orangehrmRecruitmentPlugin/modules/recruitment/actions/getHiringManagerListJsonAction.class.php on line 37
[30-Mar-2014 23:06:00] PHP Fatal error:  Undefined class constant 'MODE_CANDIDATES' in /var/www/orangehrm/symfony/plugins/orangehrmRecruitmentPlugin/modules/recruitment/actions/getHiringManagerListJsonAction.class.php on line 37
[30-Mar-2014 23:06:00] PHP Fatal error:  Undefined class constant 'MODE_CANDIDATES' in /var/www/orangehrm/symfony/plugins/orangehrmRecruitmentPlugin/modules/recruitment/actions/getHiringManagerListJsonAction.class.php on line 37
[30-Mar-2014 23:18:16] PHP Fatal error:  Undefined class constant 'MODE_CANDIDATES' in /var/www/orangehrm/symfony/plugins/orangehrmRecruitmentPlugin/modules/recruitment/actions/getHiringManagerListJsonAction.class.php on line 37
[30-Mar-2014 23:18:16] PHP Fatal error:  Undefined class constant 'MODE_CANDIDATES' in /var/www/orangehrm/symfony/plugins/orangehrmRecruitmentPlugin/modules/recruitment/actions/getHiringManagerListJsonAction.class.php on line 37
[30-Mar-2014 23:18:17] PHP Fatal error:  Undefined class constant 'MODE_CANDIDATES' in /var/www/orangehrm/symfony/plugins/orangehrmRecruitmentPlugin/modules/recruitment/actions/getHiringManagerListJsonAction.class.php on line 37
[30-Mar-2014 23:18:17] PHP Fatal error:  Undefined class constant 'MODE_CANDIDATES' in /var/www/orangehrm/symfony/plugins/orangehrmRecruitmentPlugin/modules/recruitment/actions/getHiringManagerListJsonAction.class.php on line 37
[30-Mar-2014 23:18:19] PHP Fatal error:  Undefined class constant 'MODE_CANDIDATES' in /var/www/orangehrm/symfony/plugins/orangehrmRecruitmentPlugin/modules/recruitment/actions/getHiringManagerListJsonAction.class.php on line 37
[30-Mar-2014 23:18:19] PHP Fatal error:  Undefined class constant 'MODE_CANDIDATES' in /var/www/orangehrm/symfony/plugins/orangehrmRecruitmentPlugin/modules/recruitment/actions/getHiringManagerListJsonAction.class.php on line 37
[30-Mar-2014 23:18:29] PHP Fatal error:  Undefined class constant 'MODE_CANDIDATES' in /var/www/orangehrm/symfony/plugins/orangehrmRecruitmentPlugin/modules/recruitment/actions/getHiringManagerListJsonAction.class.php on line 37
[30-Mar-2014 23:18:30] PHP Fatal error:  Undefined class constant 'MODE_CANDIDATES' in /var/www/orangehrm/symfony/plugins/orangehrmRecruitmentPlugin/modules/recruitment/actions/getHiringManagerListJsonAction.class.php on line 37
[30-Mar-2014 23:18:32] PHP Fatal error:  Undefined class constant 'MODE_CANDIDATES' in /var/www/orangehrm/symfony/plugins/orangehrmRecruitmentPlugin/modules/recruitment/actions/getHiringManagerListJsonAction.class.php on line 37
[30-Mar-2014 23:19:21] PHP Fatal error:  Undefined class constant 'MODE_CANDIDATES' in /var/www/orangehrm/symfony/plugins/orangehrmRecruitmentPlugin/modules/recruitment/actions/getHiringManagerListJsonAction.class.php on line 37
[30-Mar-2014 23:19:21] PHP Fatal error:  Undefined class constant 'MODE_CANDIDATES' in /var/www/orangehrm/symfony/plugins/orangehrmRecruitmentPlugin/modules/recruitment/actions/getHiringManagerListJsonAction.class.php on line 37
[30-Mar-2014 23:19:24] PHP Fatal error:  Undefined class constant 'MODE_CANDIDATES' in /var/www/orangehrm/symfony/plugins/orangehrmRecruitmentPlugin/modules/recruitment/actions/getHiringManagerListJsonAction.class.php on line 37
[30-Mar-2014 23:19:24] PHP Fatal error:  Undefined class constant 'MODE_CANDIDATES' in /var/www/orangehrm/symfony/plugins/orangehrmRecruitmentPlugin/modules/recruitment/actions/getHiringManagerListJsonAction.class.php on line 37
[30-Mar-2014 23:19:26] PHP Fatal error:  Undefined class constant 'MODE_CANDIDATES' in /var/www/orangehrm/symfony/plugins/orangehrmRecruitmentPlugin/modules/recruitment/actions/getHiringManagerListJsonAction.class.php on line 37
[30-Mar-2014 23:19:27] PHP Fatal error:  Undefined class constant 'MODE_CANDIDATES' in /var/www/orangehrm/symfony/plugins/orangehrmRecruitmentPlugin/modules/recruitment/actions/getHiringManagerListJsonAction.class.php on line 37
[30-Mar-2014 23:20:12] Empty module and/or action after parsing the URL "/webres_521db8499614c0.51100681/orangehrmAdminPlugin/css/viewEducationSuccess.css" (/).
[01-Apr-2014 11:05:00] PHP Fatal error:  Undefined class constant 'MODE_CANDIDATES' in /var/www/orangehrm/symfony/plugins/orangehrmRecruitmentPlugin/modules/recruitment/actions/getHiringManagerListJsonAction.class.php on line 37
[01-Apr-2014 11:05:01] PHP Fatal error:  Undefined class constant 'MODE_CANDIDATES' in /var/www/orangehrm/symfony/plugins/orangehrmRecruitmentPlugin/modules/recruitment/actions/getHiringManagerListJsonAction.class.php on line 37
[01-Apr-2014 11:05:03] PHP Fatal error:  Undefined class constant 'MODE_CANDIDATES' in /var/www/orangehrm/symfony/plugins/orangehrmRecruitmentPlugin/modules/recruitment/actions/getHiringManagerListJsonAction.class.php on line 37
[01-Apr-2014 11:05:03] PHP Fatal error:  Undefined class constant 'MODE_CANDIDATES' in /var/www/orangehrm/symfony/plugins/orangehrmRecruitmentPlugin/modules/recruitment/actions/getHiringManagerListJsonAction.class.php on line 37
[01-Apr-2014 11:05:09] PHP Fatal error:  Undefined class constant 'MODE_CANDIDATES' in /var/www/orangehrm/symfony/plugins/orangehrmRecruitmentPlugin/modules/recruitment/actions/getHiringManagerListJsonAction.class.php on line 37
[01-Apr-2014 11:05:09] PHP Fatal error:  Undefined class constant 'MODE_CANDIDATES' in /var/www/orangehrm/symfony/plugins/orangehrmRecruitmentPlugin/modules/recruitment/actions/getHiringManagerListJsonAction.class.php on line 37
[01-Apr-2014 11:07:49] PHP Fatal error:  Undefined class constant 'MODE_CANDIDATES' in /var/www/orangehrm/symfony/plugins/orangehrmRecruitmentPlugin/modules/recruitment/actions/getHiringManagerListJsonAction.class.php on line 37
[01-Apr-2014 11:07:49] PHP Fatal error:  Undefined class constant 'MODE_CANDIDATES' in /var/www/orangehrm/symfony/plugins/orangehrmRecruitmentPlugin/modules/recruitment/actions/getHiringManagerListJsonAction.class.php on line 37
[01-Apr-2014 11:07:50] PHP Fatal error:  Undefined class constant 'MODE_CANDIDATES' in /var/www/orangehrm/symfony/plugins/orangehrmRecruitmentPlugin/modules/recruitment/actions/getHiringManagerListJsonAction.class.php on line 37
[01-Apr-2014 11:07:50] PHP Fatal error:  Undefined class constant 'MODE_CANDIDATES' in /var/www/orangehrm/symfony/plugins/orangehrmRecruitmentPlugin/modules/recruitment/actions/getHiringManagerListJsonAction.class.php on line 37
[01-Apr-2014 11:08:18] PHP Fatal error:  Undefined class constant 'MODE_CANDIDATES' in /var/www/orangehrm/symfony/plugins/orangehrmRecruitmentPlugin/modules/recruitment/actions/getHiringManagerListJsonAction.class.php on line 37
[01-Apr-2014 11:08:18] PHP Fatal error:  Undefined class constant 'MODE_CANDIDATES' in /var/www/orangehrm/symfony/plugins/orangehrmRecruitmentPlugin/modules/recruitment/actions/getHiringManagerListJsonAction.class.php on line 37
[01-Apr-2014 11:15:24] PHP Fatal error:  Undefined class constant 'MODE_CANDIDATES' in /var/www/orangehrm/symfony/plugins/orangehrmRecruitmentPlugin/modules/recruitment/actions/getHiringManagerListJsonAction.class.php on line 37
[01-Apr-2014 11:15:24] PHP Fatal error:  Undefined class constant 'MODE_CANDIDATES' in /var/www/orangehrm/symfony/plugins/orangehrmRecruitmentPlugin/modules/recruitment/actions/getHiringManagerListJsonAction.class.php on line 37
[01-Apr-2014 11:15:26] PHP Fatal error:  Undefined class constant 'MODE_CANDIDATES' in /var/www/orangehrm/symfony/plugins/orangehrmRecruitmentPlugin/modules/recruitment/actions/getHiringManagerListJsonAction.class.php on line 37
[01-Apr-2014 11:15:26] PHP Fatal error:  Undefined class constant 'MODE_CANDIDATES' in /var/www/orangehrm/symfony/plugins/orangehrmRecruitmentPlugin/modules/recruitment/actions/getHiringManagerListJsonAction.class.php on line 37
[01-Apr-2014 11:15:32] PHP Fatal error:  Undefined class constant 'MODE_CANDIDATES' in /var/www/orangehrm/symfony/plugins/orangehrmRecruitmentPlugin/modules/recruitment/actions/getHiringManagerListJsonAction.class.php on line 37
[01-Apr-2014 11:15:32] PHP Fatal error:  Undefined class constant 'MODE_CANDIDATES' in /var/www/orangehrm/symfony/plugins/orangehrmRecruitmentPlugin/modules/recruitment/actions/getHiringManagerListJsonAction.class.php on line 37
[01-Apr-2014 11:15:35] PHP Fatal error:  Undefined class constant 'MODE_CANDIDATES' in /var/www/orangehrm/symfony/plugins/orangehrmRecruitmentPlugin/modules/recruitment/actions/getHiringManagerListJsonAction.class.php on line 37
[01-Apr-2014 11:15:36] PHP Fatal error:  Undefined class constant 'MODE_CANDIDATES' in /var/www/orangehrm/symfony/plugins/orangehrmRecruitmentPlugin/modules/recruitment/actions/getHiringManagerListJsonAction.class.php on line 37
[01-Apr-2014 11:15:48] PHP Fatal error:  Undefined class constant 'MODE_CANDIDATES' in /var/www/orangehrm/symfony/plugins/orangehrmRecruitmentPlugin/modules/recruitment/actions/getHiringManagerListJsonAction.class.php on line 37
[01-Apr-2014 11:15:48] PHP Fatal error:  Undefined class constant 'MODE_CANDIDATES' in /var/www/orangehrm/symfony/plugins/orangehrmRecruitmentPlugin/modules/recruitment/actions/getHiringManagerListJsonAction.class.php on line 37
[01-Apr-2014 11:15:52] PHP Fatal error:  Undefined class constant 'MODE_CANDIDATES' in /var/www/orangehrm/symfony/plugins/orangehrmRecruitmentPlugin/modules/recruitment/actions/getHiringManagerListJsonAction.class.php on line 37
[01-Apr-2014 11:15:52] PHP Fatal error:  Undefined class constant 'MODE_CANDIDATES' in /var/www/orangehrm/symfony/plugins/orangehrmRecruitmentPlugin/modules/recruitment/actions/getHiringManagerListJsonAction.class.php on line 37
[01-Apr-2014 11:15:54] PHP Fatal error:  Undefined class constant 'MODE_CANDIDATES' in /var/www/orangehrm/symfony/plugins/orangehrmRecruitmentPlugin/modules/recruitment/actions/getHiringManagerListJsonAction.class.php on line 37
[01-Apr-2014 11:15:54] PHP Fatal error:  Undefined class constant 'MODE_CANDIDATES' in /var/www/orangehrm/symfony/plugins/orangehrmRecruitmentPlugin/modules/recruitment/actions/getHiringManagerListJsonAction.class.php on line 37
[05-Apr-2014 15:41:23] PHP Fatal error:  require(): Failed opening required '/var/www/orangehrm/symfony/plugins/orangehrmLeavePlugin/lib/event/LeaveEvents.php' (include_path='.:/usr/share/php:/usr/share/pear') in /var/www/cpd/orangehrm/symfony/cache/orangehrm/prod/config/config_core_compile.yml.php on line 95
[05-Apr-2014 15:41:28] PHP Fatal error:  require(): Failed opening required '/var/www/orangehrm/symfony/plugins/orangehrmLeavePlugin/lib/event/LeaveEvents.php' (include_path='.:/usr/share/php:/usr/share/pear') in /var/www/cpd/orangehrm/symfony/cache/orangehrm/prod/config/config_core_compile.yml.php on line 95
[05-Apr-2014 15:41:29] PHP Fatal error:  require(): Failed opening required '/var/www/orangehrm/symfony/plugins/orangehrmLeavePlugin/lib/event/LeaveEvents.php' (include_path='.:/usr/share/php:/usr/share/pear') in /var/www/cpd/orangehrm/symfony/cache/orangehrm/prod/config/config_core_compile.yml.php on line 95
[05-Apr-2014 15:41:29] PHP Fatal error:  require(): Failed opening required '/var/www/orangehrm/symfony/plugins/orangehrmLeavePlugin/lib/event/LeaveEvents.php' (include_path='.:/usr/share/php:/usr/share/pear') in /var/www/cpd/orangehrm/symfony/cache/orangehrm/prod/config/config_core_compile.yml.php on line 95
[05-Apr-2014 15:41:31] PHP Fatal error:  require(): Failed opening required '/var/www/orangehrm/symfony/plugins/orangehrmLeavePlugin/lib/event/LeaveEvents.php' (include_path='.:/usr/share/php:/usr/share/pear') in /var/www/cpd/orangehrm/symfony/cache/orangehrm/prod/config/config_core_compile.yml.php on line 95
